2017-09-15 16:51:52.027  INFO 6744 --- [main] c.l.v.VNoticeBoardApplication            : Starting VNoticeBoardApplication on Admin-PC with PID 6744 (D:\workspace-sts-3.8.4.RELEASE\vNoticeBoard\bin started by Admin in D:\workspace-sts-3.8.4.RELEASE\vNoticeBoard)
2017-09-15 16:51:52.030  INFO 6744 --- [main] c.l.v.VNoticeBoardApplication            : No active profile set, falling back to default profiles: default
2017-09-15 16:51:52.089  INFO 6744 --- [main] ationConfigEmbeddedWebApplicationContext : Refreshing org.springframework.boot.context.embedded.AnnotationConfigEmbeddedWebApplicationContext@4c1d9d4b: startup date [Fri Sep 15 16:51:52 BDT 2017]; root of context hierarchy
2017-09-15 16:51:53.250  INFO 6744 --- [main] s.b.c.e.t.TomcatEmbeddedServletContainer : Tomcat initialized with port(s): 8080 (http)
2017-09-15 16:51:53.270  INFO 6744 --- [main] o.apache.catalina.core.StandardService   : Starting service [Tomcat]
2017-09-15 16:51:53.270  INFO 6744 --- [main] org.apache.catalina.core.StandardEngine  : Starting Servlet Engine: Apache Tomcat/8.5.16
2017-09-15 16:51:53.461  INFO 6744 --- [localhost-startStop-1] o.a.c.c.C.[Tomcat].[localhost].[/]       : Initializing Spring embedded WebApplicationContext
2017-09-15 16:51:53.461  INFO 6744 --- [localhost-startStop-1] o.s.web.context.ContextLoader            : Root WebApplicationContext: initialization completed in 1376 ms
2017-09-15 16:51:53.590  INFO 6744 --- [localhost-startStop-1] o.s.b.w.servlet.ServletRegistrationBean  : Mapping servlet: 'dispatcherServlet' to [/]
2017-09-15 16:51:53.594  INFO 6744 --- [localhost-startStop-1] o.s.b.w.servlet.FilterRegistrationBean   : Mapping filter: 'characterEncodingFilter' to: [/*]
2017-09-15 16:51:53.594  INFO 6744 --- [localhost-startStop-1] o.s.b.w.servlet.FilterRegistrationBean   : Mapping filter: 'hiddenHttpMethodFilter' to: [/*]
2017-09-15 16:51:53.595  INFO 6744 --- [localhost-startStop-1] o.s.b.w.servlet.FilterRegistrationBean   : Mapping filter: 'httpPutFormContentFilter' to: [/*]
2017-09-15 16:51:53.595  INFO 6744 --- [localhost-startStop-1] o.s.b.w.servlet.FilterRegistrationBean   : Mapping filter: 'requestContextFilter' to: [/*]
2017-09-15 16:51:53.861  INFO 6744 --- [main] s.w.s.m.m.a.RequestMappingHandlerAdapter : Looking for @ControllerAdvice: org.springframework.boot.context.embedded.AnnotationConfigEmbeddedWebApplicationContext@4c1d9d4b: startup date [Fri Sep 15 16:51:52 BDT 2017]; root of context hierarchy
2017-09-15 16:51:53.921  INFO 6744 --- [main] s.w.s.m.m.a.RequestMappingHandlerMapping : Mapped "{[/],methods=[GET]}" onto public java.lang.String com.livinoncodes.vnoticeboard.controller.HomeController.showHome()
2017-09-15 16:51:53.921  INFO 6744 --- [main] s.w.s.m.m.a.RequestMappingHandlerMapping : Mapped "{[/error]}" onto public org.springframework.http.ResponseEntity<java.util.Map<java.lang.String, java.lang.Object>> org.springframework.boot.autoconfigure.web.BasicErrorController.error(javax.servlet.http.HttpServletRequest)
2017-09-15 16:51:53.931  INFO 6744 --- [main] s.w.s.m.m.a.RequestMappingHandlerMapping : Mapped "{[/error],produces=[text/html]}" onto public org.springframework.web.servlet.ModelAndView org.springframework.boot.autoconfigure.web.BasicErrorController.errorHtml(javax.servlet.http.HttpServletRequest,javax.servlet.http.HttpServletResponse)
2017-09-15 16:51:53.981  INFO 6744 --- [main] o.s.w.s.handler.SimpleUrlHandlerMapping  : Mapped URL path [/webjars/**] onto handler of type [class org.springframework.web.servlet.resource.ResourceHttpRequestHandler]
2017-09-15 16:51:53.981  INFO 6744 --- [main] o.s.w.s.handler.SimpleUrlHandlerMapping  : Mapped URL path [/**] onto handler of type [class org.springframework.web.servlet.resource.ResourceHttpRequestHandler]
2017-09-15 16:51:54.021  INFO 6744 --- [main] o.s.w.s.handler.SimpleUrlHandlerMapping  : Mapped URL path [/**/favicon.ico] onto handler of type [class org.springframework.web.servlet.resource.ResourceHttpRequestHandler]
2017-09-15 16:51:54.243  INFO 6744 --- [main] o.s.j.e.a.AnnotationMBeanExporter        : Registering beans for JMX exposure on startup
2017-09-15 16:51:54.293  INFO 6744 --- [main] s.b.c.e.t.TomcatEmbeddedServletContainer : Tomcat started on port(s): 8080 (http)
2017-09-15 16:51:54.293  INFO 6744 --- [main] c.l.v.VNoticeBoardApplication            : Started VNoticeBoardApplication in 2.569 seconds (JVM running for 3.008)
2017-09-15 16:52:18.593  INFO 6744 --- [http-nio-8080-exec-1] o.a.c.c.C.[Tomcat].[localhost].[/]       : Initializing Spring FrameworkServlet 'dispatcherServlet'
2017-09-15 16:52:18.593  INFO 6744 --- [http-nio-8080-exec-1] o.s.web.servlet.DispatcherServlet        : FrameworkServlet 'dispatcherServlet': initialization started
2017-09-15 16:52:18.606  INFO 6744 --- [http-nio-8080-exec-1] o.s.web.servlet.DispatcherServlet        : FrameworkServlet 'dispatcherServlet': initialization completed in 13 ms
2017-09-15 16:55:36.553  INFO 6744 --- [RMI TCP Connection(2)-127.0.0.1] inMXBeanRegistrar$SpringApplicationAdmin : Application shutdown requested.
2017-09-15 16:55:36.553  INFO 6744 --- [RMI TCP Connection(2)-127.0.0.1] ationConfigEmbeddedWebApplicationContext : Closing org.springframework.boot.context.embedded.AnnotationConfigEmbeddedWebApplicationContext@4c1d9d4b: startup date [Fri Sep 15 16:51:52 BDT 2017]; root of context hierarchy
2017-09-15 16:55:36.553  INFO 6744 --- [RMI TCP Connection(2)-127.0.0.1] o.s.j.e.a.AnnotationMBeanExporter        : Unregistering JMX-exposed beans on shutdown
2017-09-21 15:36:13.633  INFO 6028 --- [main] c.l.v.VNoticeBoardApplication            : Starting VNoticeBoardApplication on Admin-PC with PID 6028 (D:\workspace-sts-3.8.4.RELEASE\vNoticeBoard\bin started by Admin in D:\workspace-sts-3.8.4.RELEASE\vNoticeBoard)
2017-09-21 15:36:13.693  INFO 6028 --- [main] c.l.v.VNoticeBoardApplication            : No active profile set, falling back to default profiles: default
2017-09-21 15:36:14.203  INFO 6028 --- [main] ationConfigEmbeddedWebApplicationContext : Refreshing org.springframework.boot.context.embedded.AnnotationConfigEmbeddedWebApplicationContext@4c1d9d4b: startup date [Thu Sep 21 15:36:14 BDT 2017]; root of context hierarchy
2017-09-21 15:36:16.917  INFO 6028 --- [main] s.b.c.e.t.TomcatEmbeddedServletContainer : Tomcat initialized with port(s): 8080 (http)
2017-09-21 15:36:17.008  INFO 6028 --- [main] o.apache.catalina.core.StandardService   : Starting service [Tomcat]
2017-09-21 15:36:17.018  INFO 6028 --- [main] org.apache.catalina.core.StandardEngine  : Starting Servlet Engine: Apache Tomcat/8.5.16
2017-09-21 15:36:17.468  INFO 6028 --- [localhost-startStop-1] o.a.c.c.C.[Tomcat].[localhost].[/]       : Initializing Spring embedded WebApplicationContext
2017-09-21 15:36:17.468  INFO 6028 --- [localhost-startStop-1] o.s.web.context.ContextLoader            : Root WebApplicationContext: initialization completed in 3305 ms
2017-09-21 15:36:17.588  INFO 6028 --- [localhost-startStop-1] o.s.b.w.servlet.ServletRegistrationBean  : Mapping servlet: 'dispatcherServlet' to [/]
2017-09-21 15:36:17.608  INFO 6028 --- [localhost-startStop-1] o.s.b.w.servlet.FilterRegistrationBean   : Mapping filter: 'characterEncodingFilter' to: [/*]
2017-09-21 15:36:17.608  INFO 6028 --- [localhost-startStop-1] o.s.b.w.servlet.FilterRegistrationBean   : Mapping filter: 'hiddenHttpMethodFilter' to: [/*]
2017-09-21 15:36:17.608  INFO 6028 --- [localhost-startStop-1] o.s.b.w.servlet.FilterRegistrationBean   : Mapping filter: 'httpPutFormContentFilter' to: [/*]
2017-09-21 15:36:17.608  INFO 6028 --- [localhost-startStop-1] o.s.b.w.servlet.FilterRegistrationBean   : Mapping filter: 'requestContextFilter' to: [/*]
2017-09-21 15:36:18.090  INFO 6028 --- [main] s.w.s.m.m.a.RequestMappingHandlerAdapter : Looking for @ControllerAdvice: org.springframework.boot.context.embedded.AnnotationConfigEmbeddedWebApplicationContext@4c1d9d4b: startup date [Thu Sep 21 15:36:14 BDT 2017]; root of context hierarchy
2017-09-21 15:36:18.191  INFO 6028 --- [main] s.w.s.m.m.a.RequestMappingHandlerMapping : Mapped "{[/],methods=[GET]}" onto public java.lang.String com.livinoncodes.vnoticeboard.controller.HomeController.showHome()
2017-09-21 15:36:18.191  INFO 6028 --- [main] s.w.s.m.m.a.RequestMappingHandlerMapping : Mapped "{[/error]}" onto public org.springframework.http.ResponseEntity<java.util.Map<java.lang.String, java.lang.Object>> org.springframework.boot.autoconfigure.web.BasicErrorController.error(javax.servlet.http.HttpServletRequest)
2017-09-21 15:36:18.191  INFO 6028 --- [main] s.w.s.m.m.a.RequestMappingHandlerMapping : Mapped "{[/error],produces=[text/html]}" onto public org.springframework.web.servlet.ModelAndView org.springframework.boot.autoconfigure.web.BasicErrorController.errorHtml(javax.servlet.http.HttpServletRequest,javax.servlet.http.HttpServletResponse)
2017-09-21 15:36:18.231  INFO 6028 --- [main] o.s.w.s.handler.SimpleUrlHandlerMapping  : Mapped URL path [/webjars/**] onto handler of type [class org.springframework.web.servlet.resource.ResourceHttpRequestHandler]
2017-09-21 15:36:18.231  INFO 6028 --- [main] o.s.w.s.handler.SimpleUrlHandlerMapping  : Mapped URL path [/**] onto handler of type [class org.springframework.web.servlet.resource.ResourceHttpRequestHandler]
2017-09-21 15:36:18.271  INFO 6028 --- [main] o.s.w.s.handler.SimpleUrlHandlerMapping  : Mapped URL path [/**/favicon.ico] onto handler of type [class org.springframework.web.servlet.resource.ResourceHttpRequestHandler]
2017-09-21 15:36:18.907  INFO 6028 --- [main] o.s.j.e.a.AnnotationMBeanExporter        : Registering beans for JMX exposure on startup
2017-09-21 15:36:19.057  INFO 6028 --- [main] s.b.c.e.t.TomcatEmbeddedServletContainer : Tomcat started on port(s): 8080 (http)
2017-09-21 15:36:19.077  INFO 6028 --- [main] c.l.v.VNoticeBoardApplication            : Started VNoticeBoardApplication in 6.596 seconds (JVM running for 11.763)
2017-09-21 15:36:41.412  INFO 6028 --- [http-nio-8080-exec-1] o.a.c.c.C.[Tomcat].[localhost].[/]       : Initializing Spring FrameworkServlet 'dispatcherServlet'
2017-09-21 15:36:41.412  INFO 6028 --- [http-nio-8080-exec-1] o.s.web.servlet.DispatcherServlet        : FrameworkServlet 'dispatcherServlet': initialization started
2017-09-21 15:36:41.437  INFO 6028 --- [http-nio-8080-exec-1] o.s.web.servlet.DispatcherServlet        : FrameworkServlet 'dispatcherServlet': initialization completed in 24 ms
2017-09-21 15:50:46.523  INFO 6028 --- [RMI TCP Connection(2)-127.0.0.1] inMXBeanRegistrar$SpringApplicationAdmin : Application shutdown requested.
2017-09-21 15:50:46.524  INFO 6028 --- [RMI TCP Connection(2)-127.0.0.1] ationConfigEmbeddedWebApplicationContext : Closing org.springframework.boot.context.embedded.AnnotationConfigEmbeddedWebApplicationContext@4c1d9d4b: startup date [Thu Sep 21 15:36:14 BDT 2017]; root of context hierarchy
2017-09-21 15:50:46.527  INFO 6028 --- [RMI TCP Connection(2)-127.0.0.1] o.s.j.e.a.AnnotationMBeanExporter        : Unregistering JMX-exposed beans on shutdown
2017-09-21 15:51:35.477  INFO 1076 --- [main] c.l.v.VNoticeBoardApplication            : Starting VNoticeBoardApplication on Admin-PC with PID 1076 (D:\workspace-sts-3.8.4.RELEASE\vNoticeBoard\bin started by Admin in D:\workspace-sts-3.8.4.RELEASE\vNoticeBoard)
2017-09-21 15:51:35.477  INFO 1076 --- [main] c.l.v.VNoticeBoardApplication            : No active profile set, falling back to default profiles: default
2017-09-21 15:51:35.548  INFO 1076 --- [main] ationConfigEmbeddedWebApplicationContext : Refreshing org.springframework.boot.context.embedded.AnnotationConfigEmbeddedWebApplicationContext@4c1d9d4b: startup date [Thu Sep 21 15:51:35 BDT 2017]; root of context hierarchy
2017-09-21 15:51:36.983  INFO 1076 --- [main] s.b.c.e.t.TomcatEmbeddedServletContainer : Tomcat initialized with port(s): 8080 (http)
2017-09-21 15:51:36.993  INFO 1076 --- [main] o.apache.catalina.core.StandardService   : Starting service [Tomcat]
2017-09-21 15:51:36.993  INFO 1076 --- [main] org.apache.catalina.core.StandardEngine  : Starting Servlet Engine: Apache Tomcat/8.5.16
2017-09-21 15:51:37.126  INFO 1076 --- [localhost-startStop-1] o.a.c.c.C.[Tomcat].[localhost].[/]       : Initializing Spring embedded WebApplicationContext
2017-09-21 15:51:37.126  INFO 1076 --- [localhost-startStop-1] o.s.web.context.ContextLoader            : Root WebApplicationContext: initialization completed in 1589 ms
2017-09-21 15:51:37.251  INFO 1076 --- [localhost-startStop-1] o.s.b.w.servlet.ServletRegistrationBean  : Mapping servlet: 'dispatcherServlet' to [/]
2017-09-21 15:51:37.257  INFO 1076 --- [localhost-startStop-1] o.s.b.w.servlet.FilterRegistrationBean   : Mapping filter: 'characterEncodingFilter' to: [/*]
2017-09-21 15:51:37.258  INFO 1076 --- [localhost-startStop-1] o.s.b.w.servlet.FilterRegistrationBean   : Mapping filter: 'hiddenHttpMethodFilter' to: [/*]
2017-09-21 15:51:37.258  INFO 1076 --- [localhost-startStop-1] o.s.b.w.servlet.FilterRegistrationBean   : Mapping filter: 'httpPutFormContentFilter' to: [/*]
2017-09-21 15:51:37.259  INFO 1076 --- [localhost-startStop-1] o.s.b.w.servlet.FilterRegistrationBean   : Mapping filter: 'requestContextFilter' to: [/*]
2017-09-21 15:51:37.540  INFO 1076 --- [main] s.w.s.m.m.a.RequestMappingHandlerAdapter : Looking for @ControllerAdvice: org.springframework.boot.context.embedded.AnnotationConfigEmbeddedWebApplicationContext@4c1d9d4b: startup date [Thu Sep 21 15:51:35 BDT 2017]; root of context hierarchy
2017-09-21 15:51:37.600  INFO 1076 --- [main] s.w.s.m.m.a.RequestMappingHandlerMapping : Mapped "{[/{schoolName}],methods=[GET]}" onto public java.lang.String com.livinoncodes.vnoticeboard.controller.BoardController.showBoard(java.lang.String)
2017-09-21 15:51:37.600  INFO 1076 --- [main] s.w.s.m.m.a.RequestMappingHandlerMapping : Mapped "{[/],methods=[GET]}" onto public java.lang.String com.livinoncodes.vnoticeboard.controller.HomeController.showHome()
2017-09-21 15:51:37.600  INFO 1076 --- [main] s.w.s.m.m.a.RequestMappingHandlerMapping : Mapped "{[/error]}" onto public org.springframework.http.ResponseEntity<java.util.Map<java.lang.String, java.lang.Object>> org.springframework.boot.autoconfigure.web.BasicErrorController.error(javax.servlet.http.HttpServletRequest)
2017-09-21 15:51:37.600  INFO 1076 --- [main] s.w.s.m.m.a.RequestMappingHandlerMapping : Mapped "{[/error],produces=[text/html]}" onto public org.springframework.web.servlet.ModelAndView org.springframework.boot.autoconfigure.web.BasicErrorController.errorHtml(javax.servlet.http.HttpServletRequest,javax.servlet.http.HttpServletResponse)
2017-09-21 15:51:37.640  INFO 1076 --- [main] o.s.w.s.handler.SimpleUrlHandlerMapping  : Mapped URL path [/webjars/**] onto handler of type [class org.springframework.web.servlet.resource.ResourceHttpRequestHandler]
2017-09-21 15:51:37.640  INFO 1076 --- [main] o.s.w.s.handler.SimpleUrlHandlerMapping  : Mapped URL path [/**] onto handler of type [class org.springframework.web.servlet.resource.ResourceHttpRequestHandler]
2017-09-21 15:51:37.693  INFO 1076 --- [main] o.s.w.s.handler.SimpleUrlHandlerMapping  : Mapped URL path [/**/favicon.ico] onto handler of type [class org.springframework.web.servlet.resource.ResourceHttpRequestHandler]
2017-09-21 15:51:37.914  INFO 1076 --- [main] o.s.j.e.a.AnnotationMBeanExporter        : Registering beans for JMX exposure on startup
2017-09-21 15:51:37.964  INFO 1076 --- [main] s.b.c.e.t.TomcatEmbeddedServletContainer : Tomcat started on port(s): 8080 (http)
2017-09-21 15:51:37.964  INFO 1076 --- [main] c.l.v.VNoticeBoardApplication            : Started VNoticeBoardApplication in 2.707 seconds (JVM running for 3.133)
2017-09-21 15:51:42.773  INFO 1076 --- [http-nio-8080-exec-1] o.a.c.c.C.[Tomcat].[localhost].[/]       : Initializing Spring FrameworkServlet 'dispatcherServlet'
2017-09-21 15:51:42.773  INFO 1076 --- [http-nio-8080-exec-1] o.s.web.servlet.DispatcherServlet        : FrameworkServlet 'dispatcherServlet': initialization started
2017-09-21 15:51:42.787  INFO 1076 --- [http-nio-8080-exec-1] o.s.web.servlet.DispatcherServlet        : FrameworkServlet 'dispatcherServlet': initialization completed in 14 ms
2017-09-21 15:51:42.890 ERROR 1076 --- [http-nio-8080-exec-1] org.thymeleaf.TemplateEngine             : [THYMELEAF][http-nio-8080-exec-1] Exception processing template "": Template name cannot be null or empty
2017-09-21 15:51:42.917 ERROR 1076 --- [http-nio-8080-exec-1] o.a.c.c.C.[.[.[/].[dispatcherServlet]    : Servlet.service() for servlet [dispatcherServlet] in context with path [] threw exception [Request processing failed; nested exception is org.thymeleaf.exceptions.TemplateProcessingException: Exception processing template ()] with root cause

java.lang.IllegalArgumentException: Template name cannot be null or empty
	at org.thymeleaf.util.Validate.notEmpty(Validate.java:43) ~[thymeleaf-2.1.5.RELEASE.jar:2.1.5.RELEASE]
	at org.thymeleaf.context.AbstractContext.addContextExecutionInfo(AbstractContext.java:194) ~[thymeleaf-2.1.5.RELEASE.jar:2.1.5.RELEASE]
	at org.thymeleaf.TemplateEngine.process(TemplateEngine.java:1055) ~[thymeleaf-2.1.5.RELEASE.jar:2.1.5.RELEASE]
	at org.thymeleaf.TemplateEngine.process(TemplateEngine.java:1011) ~[thymeleaf-2.1.5.RELEASE.jar:2.1.5.RELEASE]
	at org.thymeleaf.spring4.view.ThymeleafView.renderFragment(ThymeleafView.java:335) ~[thymeleaf-spring4-2.1.5.RELEASE.jar:2.1.5.RELEASE]
	at org.thymeleaf.spring4.view.ThymeleafView.render(ThymeleafView.java:190) ~[thymeleaf-spring4-2.1.5.RELEASE.jar:2.1.5.RELEASE]
	at org.springframework.web.servlet.DispatcherServlet.render(DispatcherServlet.java:1286) ~[spring-webmvc-4.3.10.RELEASE.jar:4.3.10.RELEASE]
	at org.springframework.web.servlet.DispatcherServlet.processDispatchResult(DispatcherServlet.java:1041) ~[spring-webmvc-4.3.10.RELEASE.jar:4.3.10.RELEASE]
	at org.springframework.web.servlet.DispatcherServlet.doDispatch(DispatcherServlet.java:984) ~[spring-webmvc-4.3.10.RELEASE.jar:4.3.10.RELEASE]
	at org.springframework.web.servlet.DispatcherServlet.doService(DispatcherServlet.java:901) ~[spring-webmvc-4.3.10.RELEASE.jar:4.3.10.RELEASE]
	at org.springframework.web.servlet.FrameworkServlet.processRequest(FrameworkServlet.java:970) ~[spring-webmvc-4.3.10.RELEASE.jar:4.3.10.RELEASE]
	at org.springframework.web.servlet.FrameworkServlet.doGet(FrameworkServlet.java:861) ~[spring-webmvc-4.3.10.RELEASE.jar:4.3.10.RELEASE]
	at javax.servlet.http.HttpServlet.service(HttpServlet.java:635) ~[tomcat-embed-core-8.5.16.jar:8.5.16]
	at org.springframework.web.servlet.FrameworkServlet.service(FrameworkServlet.java:846) ~[spring-webmvc-4.3.10.RELEASE.jar:4.3.10.RELEASE]
	at javax.servlet.http.HttpServlet.service(HttpServlet.java:742) ~[tomcat-embed-core-8.5.16.jar:8.5.16]
	at org.apache.catalina.core.ApplicationFilterChain.internalDoFilter(ApplicationFilterChain.java:231) ~[tomcat-embed-core-8.5.16.jar:8.5.16]
	at org.apache.catalina.core.ApplicationFilterChain.doFilter(ApplicationFilterChain.java:166) ~[tomcat-embed-core-8.5.16.jar:8.5.16]
	at org.apache.tomcat.websocket.server.WsFilter.doFilter(WsFilter.java:52) ~[tomcat-embed-websocket-8.5.16.jar:8.5.16]
	at org.apache.catalina.core.ApplicationFilterChain.internalDoFilter(ApplicationFilterChain.java:193) ~[tomcat-embed-core-8.5.16.jar:8.5.16]
	at org.apache.catalina.core.ApplicationFilterChain.doFilter(ApplicationFilterChain.java:166) ~[tomcat-embed-core-8.5.16.jar:8.5.16]
	at org.springframework.web.filter.RequestContextFilter.doFilterInternal(RequestContextFilter.java:99) ~[spring-web-4.3.10.RELEASE.jar:4.3.10.RELEASE]
	at org.springframework.web.filter.OncePerRequestFilter.doFilter(OncePerRequestFilter.java:107) ~[spring-web-4.3.10.RELEASE.jar:4.3.10.RELEASE]
	at org.apache.catalina.core.ApplicationFilterChain.internalDoFilter(ApplicationFilterChain.java:193) ~[tomcat-embed-core-8.5.16.jar:8.5.16]
	at org.apache.catalina.core.ApplicationFilterChain.doFilter(ApplicationFilterChain.java:166) ~[tomcat-embed-core-8.5.16.jar:8.5.16]
	at org.springframework.web.filter.HttpPutFormContentFilter.doFilterInternal(HttpPutFormContentFilter.java:105) ~[spring-web-4.3.10.RELEASE.jar:4.3.10.RELEASE]
	at org.springframework.web.filter.OncePerRequestFilter.doFilter(OncePerRequestFilter.java:107) ~[spring-web-4.3.10.RELEASE.jar:4.3.10.RELEASE]
	at org.apache.catalina.core.ApplicationFilterChain.internalDoFilter(ApplicationFilterChain.java:193) ~[tomcat-embed-core-8.5.16.jar:8.5.16]
	at org.apache.catalina.core.ApplicationFilterChain.doFilter(ApplicationFilterChain.java:166) ~[tomcat-embed-core-8.5.16.jar:8.5.16]
	at org.springframework.web.filter.HiddenHttpMethodFilter.doFilterInternal(HiddenHttpMethodFilter.java:81) ~[spring-web-4.3.10.RELEASE.jar:4.3.10.RELEASE]
	at org.springframework.web.filter.OncePerRequestFilter.doFilter(OncePerRequestFilter.java:107) ~[spring-web-4.3.10.RELEASE.jar:4.3.10.RELEASE]
	at org.apache.catalina.core.ApplicationFilterChain.internalDoFilter(ApplicationFilterChain.java:193) ~[tomcat-embed-core-8.5.16.jar:8.5.16]
	at org.apache.catalina.core.ApplicationFilterChain.doFilter(ApplicationFilterChain.java:166) ~[tomcat-embed-core-8.5.16.jar:8.5.16]
	at org.springframework.web.filter.CharacterEncodingFilter.doFilterInternal(CharacterEncodingFilter.java:197) ~[spring-web-4.3.10.RELEASE.jar:4.3.10.RELEASE]
	at org.springframework.web.filter.OncePerRequestFilter.doFilter(OncePerRequestFilter.java:107) ~[spring-web-4.3.10.RELEASE.jar:4.3.10.RELEASE]
	at org.apache.catalina.core.ApplicationFilterChain.internalDoFilter(ApplicationFilterChain.java:193) ~[tomcat-embed-core-8.5.16.jar:8.5.16]
	at org.apache.catalina.core.ApplicationFilterChain.doFilter(ApplicationFilterChain.java:166) ~[tomcat-embed-core-8.5.16.jar:8.5.16]
	at org.apache.catalina.core.StandardWrapperValve.invoke(StandardWrapperValve.java:198) ~[tomcat-embed-core-8.5.16.jar:8.5.16]
	at org.apache.catalina.core.StandardContextValve.invoke(StandardContextValve.java:96) [tomcat-embed-core-8.5.16.jar:8.5.16]
	at org.apache.catalina.authenticator.AuthenticatorBase.invoke(AuthenticatorBase.java:478) [tomcat-embed-core-8.5.16.jar:8.5.16]
	at org.apache.catalina.core.StandardHostValve.invoke(StandardHostValve.java:140) [tomcat-embed-core-8.5.16.jar:8.5.16]
	at org.apache.catalina.valves.ErrorReportValve.invoke(ErrorReportValve.java:80) [tomcat-embed-core-8.5.16.jar:8.5.16]
	at org.apache.catalina.core.StandardEngineValve.invoke(StandardEngineValve.java:87) [tomcat-embed-core-8.5.16.jar:8.5.16]
	at org.apache.catalina.connector.CoyoteAdapter.service(CoyoteAdapter.java:342) [tomcat-embed-core-8.5.16.jar:8.5.16]
	at org.apache.coyote.http11.Http11Processor.service(Http11Processor.java:799) [tomcat-embed-core-8.5.16.jar:8.5.16]
	at org.apache.coyote.AbstractProcessorLight.process(AbstractProcessorLight.java:66) [tomcat-embed-core-8.5.16.jar:8.5.16]
	at org.apache.coyote.AbstractProtocol$ConnectionHandler.process(AbstractProtocol.java:868) [tomcat-embed-core-8.5.16.jar:8.5.16]
	at org.apache.tomcat.util.net.NioEndpoint$SocketProcessor.doRun(NioEndpoint.java:1455) [tomcat-embed-core-8.5.16.jar:8.5.16]
	at org.apache.tomcat.util.net.SocketProcessorBase.run(SocketProcessorBase.java:49) [tomcat-embed-core-8.5.16.jar:8.5.16]
	at java.util.concurrent.ThreadPoolExecutor.runWorker(Unknown Source) [na:1.8.0_121]
	at java.util.concurrent.ThreadPoolExecutor$Worker.run(Unknown Source) [na:1.8.0_121]
	at org.apache.tomcat.util.threads.TaskThread$WrappingRunnable.run(TaskThread.java:61) [tomcat-embed-core-8.5.16.jar:8.5.16]
	at java.lang.Thread.run(Unknown Source) [na:1.8.0_121]

2017-09-21 15:52:51.914  INFO 1076 --- [RMI TCP Connection(2)-127.0.0.1] inMXBeanRegistrar$SpringApplicationAdmin : Application shutdown requested.
2017-09-21 15:52:51.914  INFO 1076 --- [RMI TCP Connection(2)-127.0.0.1] ationConfigEmbeddedWebApplicationContext : Closing org.springframework.boot.context.embedded.AnnotationConfigEmbeddedWebApplicationContext@4c1d9d4b: startup date [Thu Sep 21 15:51:35 BDT 2017]; root of context hierarchy
2017-09-21 15:52:51.916  INFO 1076 --- [RMI TCP Connection(2)-127.0.0.1] o.s.j.e.a.AnnotationMBeanExporter        : Unregistering JMX-exposed beans on shutdown
2017-09-21 15:53:02.145  INFO 6392 --- [main] c.l.v.VNoticeBoardApplication            : Starting VNoticeBoardApplication on Admin-PC with PID 6392 (D:\workspace-sts-3.8.4.RELEASE\vNoticeBoard\bin started by Admin in D:\workspace-sts-3.8.4.RELEASE\vNoticeBoard)
2017-09-21 15:53:02.147  INFO 6392 --- [main] c.l.v.VNoticeBoardApplication            : No active profile set, falling back to default profiles: default
2017-09-21 15:53:02.206  INFO 6392 --- [main] ationConfigEmbeddedWebApplicationContext : Refreshing org.springframework.boot.context.embedded.AnnotationConfigEmbeddedWebApplicationContext@4c1d9d4b: startup date [Thu Sep 21 15:53:02 BDT 2017]; root of context hierarchy
2017-09-21 15:53:03.371  INFO 6392 --- [main] s.b.c.e.t.TomcatEmbeddedServletContainer : Tomcat initialized with port(s): 8080 (http)
2017-09-21 15:53:03.383  INFO 6392 --- [main] o.apache.catalina.core.StandardService   : Starting service [Tomcat]
2017-09-21 15:53:03.385  INFO 6392 --- [main] org.apache.catalina.core.StandardEngine  : Starting Servlet Engine: Apache Tomcat/8.5.16
2017-09-21 15:53:03.521  INFO 6392 --- [localhost-startStop-1] o.a.c.c.C.[Tomcat].[localhost].[/]       : Initializing Spring embedded WebApplicationContext
2017-09-21 15:53:03.522  INFO 6392 --- [localhost-startStop-1] o.s.web.context.ContextLoader            : Root WebApplicationContext: initialization completed in 1319 ms
2017-09-21 15:53:03.647  INFO 6392 --- [localhost-startStop-1] o.s.b.w.servlet.ServletRegistrationBean  : Mapping servlet: 'dispatcherServlet' to [/]
2017-09-21 15:53:03.651  INFO 6392 --- [localhost-startStop-1] o.s.b.w.servlet.FilterRegistrationBean   : Mapping filter: 'characterEncodingFilter' to: [/*]
2017-09-21 15:53:03.651  INFO 6392 --- [localhost-startStop-1] o.s.b.w.servlet.FilterRegistrationBean   : Mapping filter: 'hiddenHttpMethodFilter' to: [/*]
2017-09-21 15:53:03.652  INFO 6392 --- [localhost-startStop-1] o.s.b.w.servlet.FilterRegistrationBean   : Mapping filter: 'httpPutFormContentFilter' to: [/*]
2017-09-21 15:53:03.653  INFO 6392 --- [localhost-startStop-1] o.s.b.w.servlet.FilterRegistrationBean   : Mapping filter: 'requestContextFilter' to: [/*]
2017-09-21 15:53:03.935  INFO 6392 --- [main] s.w.s.m.m.a.RequestMappingHandlerAdapter : Looking for @ControllerAdvice: org.springframework.boot.context.embedded.AnnotationConfigEmbeddedWebApplicationContext@4c1d9d4b: startup date [Thu Sep 21 15:53:02 BDT 2017]; root of context hierarchy
2017-09-21 15:53:03.988  INFO 6392 --- [main] s.w.s.m.m.a.RequestMappingHandlerMapping : Mapped "{[/{schoolName}],methods=[GET]}" onto public java.lang.String com.livinoncodes.vnoticeboard.controller.BoardController.showBoard(java.lang.String)
2017-09-21 15:53:03.989  INFO 6392 --- [main] s.w.s.m.m.a.RequestMappingHandlerMapping : Mapped "{[/],methods=[GET]}" onto public java.lang.String com.livinoncodes.vnoticeboard.controller.HomeController.showHome()
2017-09-21 15:53:03.992  INFO 6392 --- [main] s.w.s.m.m.a.RequestMappingHandlerMapping : Mapped "{[/error]}" onto public org.springframework.http.ResponseEntity<java.util.Map<java.lang.String, java.lang.Object>> org.springframework.boot.autoconfigure.web.BasicErrorController.error(javax.servlet.http.HttpServletRequest)
2017-09-21 15:53:03.993  INFO 6392 --- [main] s.w.s.m.m.a.RequestMappingHandlerMapping : Mapped "{[/error],produces=[text/html]}" onto public org.springframework.web.servlet.ModelAndView org.springframework.boot.autoconfigure.web.BasicErrorController.errorHtml(javax.servlet.http.HttpServletRequest,javax.servlet.http.HttpServletResponse)
2017-09-21 15:53:04.065  INFO 6392 --- [main] o.s.w.s.handler.SimpleUrlHandlerMapping  : Mapped URL path [/webjars/**] onto handler of type [class org.springframework.web.servlet.resource.ResourceHttpRequestHandler]
2017-09-21 15:53:04.065  INFO 6392 --- [main] o.s.w.s.handler.SimpleUrlHandlerMapping  : Mapped URL path [/**] onto handler of type [class org.springframework.web.servlet.resource.ResourceHttpRequestHandler]
2017-09-21 15:53:04.098  INFO 6392 --- [main] o.s.w.s.handler.SimpleUrlHandlerMapping  : Mapped URL path [/**/favicon.ico] onto handler of type [class org.springframework.web.servlet.resource.ResourceHttpRequestHandler]
2017-09-21 15:53:04.312  INFO 6392 --- [main] o.s.j.e.a.AnnotationMBeanExporter        : Registering beans for JMX exposure on startup
2017-09-21 15:53:04.359  INFO 6392 --- [main] s.b.c.e.t.TomcatEmbeddedServletContainer : Tomcat started on port(s): 8080 (http)
2017-09-21 15:53:04.363  INFO 6392 --- [main] c.l.v.VNoticeBoardApplication            : Started VNoticeBoardApplication in 2.451 seconds (JVM running for 2.846)
2017-09-21 15:53:08.938  INFO 6392 --- [http-nio-8080-exec-1] o.a.c.c.C.[Tomcat].[localhost].[/]       : Initializing Spring FrameworkServlet 'dispatcherServlet'
2017-09-21 15:53:08.939  INFO 6392 --- [http-nio-8080-exec-1] o.s.web.servlet.DispatcherServlet        : FrameworkServlet 'dispatcherServlet': initialization started
2017-09-21 15:53:08.957  INFO 6392 --- [http-nio-8080-exec-1] o.s.web.servlet.DispatcherServlet        : FrameworkServlet 'dispatcherServlet': initialization completed in 18 ms
2017-09-21 15:57:34.343  INFO 6392 --- [RMI TCP Connection(2)-127.0.0.1] inMXBeanRegistrar$SpringApplicationAdmin : Application shutdown requested.
2017-09-21 15:57:34.343  INFO 6392 --- [RMI TCP Connection(2)-127.0.0.1] ationConfigEmbeddedWebApplicationContext : Closing org.springframework.boot.context.embedded.AnnotationConfigEmbeddedWebApplicationContext@4c1d9d4b: startup date [Thu Sep 21 15:53:02 BDT 2017]; root of context hierarchy
2017-09-21 15:57:34.344  INFO 6392 --- [RMI TCP Connection(2)-127.0.0.1] o.s.j.e.a.AnnotationMBeanExporter        : Unregistering JMX-exposed beans on shutdown
2017-09-21 15:57:37.057  INFO 3436 --- [main] c.l.v.VNoticeBoardApplication            : Starting VNoticeBoardApplication on Admin-PC with PID 3436 (D:\workspace-sts-3.8.4.RELEASE\vNoticeBoard\bin started by Admin in D:\workspace-sts-3.8.4.RELEASE\vNoticeBoard)
2017-09-21 15:57:37.059  INFO 3436 --- [main] c.l.v.VNoticeBoardApplication            : No active profile set, falling back to default profiles: default
2017-09-21 15:57:37.124  INFO 3436 --- [main] ationConfigEmbeddedWebApplicationContext : Refreshing org.springframework.boot.context.embedded.AnnotationConfigEmbeddedWebApplicationContext@4c1d9d4b: startup date [Thu Sep 21 15:57:37 BDT 2017]; root of context hierarchy
2017-09-21 15:57:38.414  INFO 3436 --- [main] s.b.c.e.t.TomcatEmbeddedServletContainer : Tomcat initialized with port(s): 8080 (http)
2017-09-21 15:57:38.430  INFO 3436 --- [main] o.apache.catalina.core.StandardService   : Starting service [Tomcat]
2017-09-21 15:57:38.431  INFO 3436 --- [main] org.apache.catalina.core.StandardEngine  : Starting Servlet Engine: Apache Tomcat/8.5.16
2017-09-21 15:57:38.575  INFO 3436 --- [localhost-startStop-1] o.a.c.c.C.[Tomcat].[localhost].[/]       : Initializing Spring embedded WebApplicationContext
2017-09-21 15:57:38.575  INFO 3436 --- [localhost-startStop-1] o.s.web.context.ContextLoader            : Root WebApplicationContext: initialization completed in 1454 ms
2017-09-21 15:57:38.700  INFO 3436 --- [localhost-startStop-1] o.s.b.w.servlet.ServletRegistrationBean  : Mapping servlet: 'dispatcherServlet' to [/]
2017-09-21 15:57:38.704  INFO 3436 --- [localhost-startStop-1] o.s.b.w.servlet.FilterRegistrationBean   : Mapping filter: 'characterEncodingFilter' to: [/*]
2017-09-21 15:57:38.705  INFO 3436 --- [localhost-startStop-1] o.s.b.w.servlet.FilterRegistrationBean   : Mapping filter: 'hiddenHttpMethodFilter' to: [/*]
2017-09-21 15:57:38.705  INFO 3436 --- [localhost-startStop-1] o.s.b.w.servlet.FilterRegistrationBean   : Mapping filter: 'httpPutFormContentFilter' to: [/*]
2017-09-21 15:57:38.705  INFO 3436 --- [localhost-startStop-1] o.s.b.w.servlet.FilterRegistrationBean   : Mapping filter: 'requestContextFilter' to: [/*]
2017-09-21 15:57:39.128  INFO 3436 --- [main] s.w.s.m.m.a.RequestMappingHandlerAdapter : Looking for @ControllerAdvice: org.springframework.boot.context.embedded.AnnotationConfigEmbeddedWebApplicationContext@4c1d9d4b: startup date [Thu Sep 21 15:57:37 BDT 2017]; root of context hierarchy
2017-09-21 15:57:39.234  INFO 3436 --- [main] s.w.s.m.m.a.RequestMappingHandlerMapping : Mapped "{[/{schoolName}],methods=[GET]}" onto public java.lang.String com.livinoncodes.vnoticeboard.controller.BoardController.showBoard(java.lang.String)
2017-09-21 15:57:39.235  INFO 3436 --- [main] s.w.s.m.m.a.RequestMappingHandlerMapping : Mapped "{[/],methods=[GET]}" onto public java.lang.String com.livinoncodes.vnoticeboard.controller.HomeController.showHome()
2017-09-21 15:57:39.242  INFO 3436 --- [main] s.w.s.m.m.a.RequestMappingHandlerMapping : Mapped "{[/error]}" onto public org.springframework.http.ResponseEntity<java.util.Map<java.lang.String, java.lang.Object>> org.springframework.boot.autoconfigure.web.BasicErrorController.error(javax.servlet.http.HttpServletRequest)
2017-09-21 15:57:39.244  INFO 3436 --- [main] s.w.s.m.m.a.RequestMappingHandlerMapping : Mapped "{[/error],produces=[text/html]}" onto public org.springframework.web.servlet.ModelAndView org.springframework.boot.autoconfigure.web.BasicErrorController.errorHtml(javax.servlet.http.HttpServletRequest,javax.servlet.http.HttpServletResponse)
2017-09-21 15:57:39.318  INFO 3436 --- [main] o.s.w.s.handler.SimpleUrlHandlerMapping  : Mapped URL path [/webjars/**] onto handler of type [class org.springframework.web.servlet.resource.ResourceHttpRequestHandler]
2017-09-21 15:57:39.319  INFO 3436 --- [main] o.s.w.s.handler.SimpleUrlHandlerMapping  : Mapped URL path [/**] onto handler of type [class org.springframework.web.servlet.resource.ResourceHttpRequestHandler]
2017-09-21 15:57:39.373  INFO 3436 --- [main] o.s.w.s.handler.SimpleUrlHandlerMapping  : Mapped URL path [/**/favicon.ico] onto handler of type [class org.springframework.web.servlet.resource.ResourceHttpRequestHandler]
2017-09-21 15:57:39.716  INFO 3436 --- [main] o.s.j.e.a.AnnotationMBeanExporter        : Registering beans for JMX exposure on startup
2017-09-21 15:57:39.812  INFO 3436 --- [main] s.b.c.e.t.TomcatEmbeddedServletContainer : Tomcat started on port(s): 8080 (http)
2017-09-21 15:57:39.817  INFO 3436 --- [main] c.l.v.VNoticeBoardApplication            : Started VNoticeBoardApplication in 3.058 seconds (JVM running for 3.474)
2017-09-21 15:57:41.332  INFO 3436 --- [http-nio-8080-exec-1] o.a.c.c.C.[Tomcat].[localhost].[/]       : Initializing Spring FrameworkServlet 'dispatcherServlet'
2017-09-21 15:57:41.333  INFO 3436 --- [http-nio-8080-exec-1] o.s.web.servlet.DispatcherServlet        : FrameworkServlet 'dispatcherServlet': initialization started
2017-09-21 15:57:41.354  INFO 3436 --- [http-nio-8080-exec-1] o.s.web.servlet.DispatcherServlet        : FrameworkServlet 'dispatcherServlet': initialization completed in 21 ms
2017-09-21 15:59:37.764  INFO 3436 --- [RMI TCP Connection(2)-127.0.0.1] inMXBeanRegistrar$SpringApplicationAdmin : Application shutdown requested.
2017-09-21 15:59:37.765  INFO 3436 --- [RMI TCP Connection(2)-127.0.0.1] ationConfigEmbeddedWebApplicationContext : Closing org.springframework.boot.context.embedded.AnnotationConfigEmbeddedWebApplicationContext@4c1d9d4b: startup date [Thu Sep 21 15:57:37 BDT 2017]; root of context hierarchy
2017-09-21 15:59:37.766  INFO 3436 --- [RMI TCP Connection(2)-127.0.0.1] o.s.j.e.a.AnnotationMBeanExporter        : Unregistering JMX-exposed beans on shutdown
2017-09-21 15:59:54.980  INFO 1940 --- [main] c.l.v.VNoticeBoardApplication            : Starting VNoticeBoardApplication on Admin-PC with PID 1940 (D:\workspace-sts-3.8.4.RELEASE\vNoticeBoard\bin started by Admin in D:\workspace-sts-3.8.4.RELEASE\vNoticeBoard)
2017-09-21 15:59:54.982  INFO 1940 --- [main] c.l.v.VNoticeBoardApplication            : No active profile set, falling back to default profiles: default
2017-09-21 15:59:55.046  INFO 1940 --- [main] ationConfigEmbeddedWebApplicationContext : Refreshing org.springframework.boot.context.embedded.AnnotationConfigEmbeddedWebApplicationContext@4c1d9d4b: startup date [Thu Sep 21 15:59:55 BDT 2017]; root of context hierarchy
2017-09-21 15:59:56.137  INFO 1940 --- [main] s.b.c.e.t.TomcatEmbeddedServletContainer : Tomcat initialized with port(s): 8080 (http)
2017-09-21 15:59:56.147  INFO 1940 --- [main] o.apache.catalina.core.StandardService   : Starting service [Tomcat]
2017-09-21 15:59:56.148  INFO 1940 --- [main] org.apache.catalina.core.StandardEngine  : Starting Servlet Engine: Apache Tomcat/8.5.16
2017-09-21 15:59:56.267  INFO 1940 --- [localhost-startStop-1] o.a.c.c.C.[Tomcat].[localhost].[/]       : Initializing Spring embedded WebApplicationContext
2017-09-21 15:59:56.267  INFO 1940 --- [localhost-startStop-1] o.s.web.context.ContextLoader            : Root WebApplicationContext: initialization completed in 1224 ms
2017-09-21 15:59:56.382  INFO 1940 --- [localhost-startStop-1] o.s.b.w.servlet.ServletRegistrationBean  : Mapping servlet: 'dispatcherServlet' to [/]
2017-09-21 15:59:56.385  INFO 1940 --- [localhost-startStop-1] o.s.b.w.servlet.FilterRegistrationBean   : Mapping filter: 'characterEncodingFilter' to: [/*]
2017-09-21 15:59:56.386  INFO 1940 --- [localhost-startStop-1] o.s.b.w.servlet.FilterRegistrationBean   : Mapping filter: 'hiddenHttpMethodFilter' to: [/*]
2017-09-21 15:59:56.386  INFO 1940 --- [localhost-startStop-1] o.s.b.w.servlet.FilterRegistrationBean   : Mapping filter: 'httpPutFormContentFilter' to: [/*]
2017-09-21 15:59:56.387  INFO 1940 --- [localhost-startStop-1] o.s.b.w.servlet.FilterRegistrationBean   : Mapping filter: 'requestContextFilter' to: [/*]
2017-09-21 15:59:56.648  INFO 1940 --- [main] s.w.s.m.m.a.RequestMappingHandlerAdapter : Looking for @ControllerAdvice: org.springframework.boot.context.embedded.AnnotationConfigEmbeddedWebApplicationContext@4c1d9d4b: startup date [Thu Sep 21 15:59:55 BDT 2017]; root of context hierarchy
2017-09-21 15:59:56.703  INFO 1940 --- [main] s.w.s.m.m.a.RequestMappingHandlerMapping : Mapped "{[/{schoolName}],methods=[GET]}" onto public java.lang.String com.livinoncodes.vnoticeboard.controller.BoardController.showBoard(java.lang.String)
2017-09-21 15:59:56.704  INFO 1940 --- [main] s.w.s.m.m.a.RequestMappingHandlerMapping : Mapped "{[/],methods=[GET]}" onto public java.lang.String com.livinoncodes.vnoticeboard.controller.HomeController.showHome()
2017-09-21 15:59:56.707  INFO 1940 --- [main] s.w.s.m.m.a.RequestMappingHandlerMapping : Mapped "{[/error]}" onto public org.springframework.http.ResponseEntity<java.util.Map<java.lang.String, java.lang.Object>> org.springframework.boot.autoconfigure.web.BasicErrorController.error(javax.servlet.http.HttpServletRequest)
2017-09-21 15:59:56.708  INFO 1940 --- [main] s.w.s.m.m.a.RequestMappingHandlerMapping : Mapped "{[/error],produces=[text/html]}" onto public org.springframework.web.servlet.ModelAndView org.springframework.boot.autoconfigure.web.BasicErrorController.errorHtml(javax.servlet.http.HttpServletRequest,javax.servlet.http.HttpServletResponse)
2017-09-21 15:59:56.795  INFO 1940 --- [main] o.s.w.s.handler.SimpleUrlHandlerMapping  : Mapped URL path [/webjars/**] onto handler of type [class org.springframework.web.servlet.resource.ResourceHttpRequestHandler]
2017-09-21 15:59:56.796  INFO 1940 --- [main] o.s.w.s.handler.SimpleUrlHandlerMapping  : Mapped URL path [/**] onto handler of type [class org.springframework.web.servlet.resource.ResourceHttpRequestHandler]
2017-09-21 15:59:56.825  INFO 1940 --- [main] o.s.w.s.handler.SimpleUrlHandlerMapping  : Mapped URL path [/**/favicon.ico] onto handler of type [class org.springframework.web.servlet.resource.ResourceHttpRequestHandler]
2017-09-21 15:59:57.044  INFO 1940 --- [main] o.s.j.e.a.AnnotationMBeanExporter        : Registering beans for JMX exposure on startup
2017-09-21 15:59:57.091  INFO 1940 --- [main] s.b.c.e.t.TomcatEmbeddedServletContainer : Tomcat started on port(s): 8080 (http)
2017-09-21 15:59:57.094  INFO 1940 --- [main] c.l.v.VNoticeBoardApplication            : Started VNoticeBoardApplication in 2.359 seconds (JVM running for 2.764)
2017-09-21 16:00:08.802  INFO 1940 --- [http-nio-8080-exec-1] o.a.c.c.C.[Tomcat].[localhost].[/]       : Initializing Spring FrameworkServlet 'dispatcherServlet'
2017-09-21 16:00:08.802  INFO 1940 --- [http-nio-8080-exec-1] o.s.web.servlet.DispatcherServlet        : FrameworkServlet 'dispatcherServlet': initialization started
2017-09-21 16:00:08.815  INFO 1940 --- [http-nio-8080-exec-1] o.s.web.servlet.DispatcherServlet        : FrameworkServlet 'dispatcherServlet': initialization completed in 13 ms
2017-09-21 16:02:18.855  INFO 1940 --- [RMI TCP Connection(2)-127.0.0.1] inMXBeanRegistrar$SpringApplicationAdmin : Application shutdown requested.
2017-09-21 16:02:18.856  INFO 1940 --- [RMI TCP Connection(2)-127.0.0.1] ationConfigEmbeddedWebApplicationContext : Closing org.springframework.boot.context.embedded.AnnotationConfigEmbeddedWebApplicationContext@4c1d9d4b: startup date [Thu Sep 21 15:59:55 BDT 2017]; root of context hierarchy
2017-09-21 16:02:18.857  INFO 1940 --- [RMI TCP Connection(2)-127.0.0.1] o.s.j.e.a.AnnotationMBeanExporter        : Unregistering JMX-exposed beans on shutdown
2017-09-21 16:02:20.837  INFO 4020 --- [main] c.l.v.VNoticeBoardApplication            : Starting VNoticeBoardApplication on Admin-PC with PID 4020 (D:\workspace-sts-3.8.4.RELEASE\vNoticeBoard\bin started by Admin in D:\workspace-sts-3.8.4.RELEASE\vNoticeBoard)
2017-09-21 16:02:20.840  INFO 4020 --- [main] c.l.v.VNoticeBoardApplication            : No active profile set, falling back to default profiles: default
2017-09-21 16:02:20.902  INFO 4020 --- [main] ationConfigEmbeddedWebApplicationContext : Refreshing org.springframework.boot.context.embedded.AnnotationConfigEmbeddedWebApplicationContext@4c1d9d4b: startup date [Thu Sep 21 16:02:20 BDT 2017]; root of context hierarchy
2017-09-21 16:02:22.378  INFO 4020 --- [main] s.b.c.e.t.TomcatEmbeddedServletContainer : Tomcat initialized with port(s): 8080 (http)
2017-09-21 16:02:22.396  INFO 4020 --- [main] o.apache.catalina.core.StandardService   : Starting service [Tomcat]
2017-09-21 16:02:22.397  INFO 4020 --- [main] org.apache.catalina.core.StandardEngine  : Starting Servlet Engine: Apache Tomcat/8.5.16
2017-09-21 16:02:22.620  INFO 4020 --- [localhost-startStop-1] o.a.c.c.C.[Tomcat].[localhost].[/]       : Initializing Spring embedded WebApplicationContext
2017-09-21 16:02:22.621  INFO 4020 --- [localhost-startStop-1] o.s.web.context.ContextLoader            : Root WebApplicationContext: initialization completed in 1722 ms
2017-09-21 16:02:22.793  INFO 4020 --- [localhost-startStop-1] o.s.b.w.servlet.ServletRegistrationBean  : Mapping servlet: 'dispatcherServlet' to [/]
2017-09-21 16:02:22.796  INFO 4020 --- [localhost-startStop-1] o.s.b.w.servlet.FilterRegistrationBean   : Mapping filter: 'characterEncodingFilter' to: [/*]
2017-09-21 16:02:22.797  INFO 4020 --- [localhost-startStop-1] o.s.b.w.servlet.FilterRegistrationBean   : Mapping filter: 'hiddenHttpMethodFilter' to: [/*]
2017-09-21 16:02:22.797  INFO 4020 --- [localhost-startStop-1] o.s.b.w.servlet.FilterRegistrationBean   : Mapping filter: 'httpPutFormContentFilter' to: [/*]
2017-09-21 16:02:22.797  INFO 4020 --- [localhost-startStop-1] o.s.b.w.servlet.FilterRegistrationBean   : Mapping filter: 'requestContextFilter' to: [/*]
2017-09-21 16:02:23.163  INFO 4020 --- [main] s.w.s.m.m.a.RequestMappingHandlerAdapter : Looking for @ControllerAdvice: org.springframework.boot.context.embedded.AnnotationConfigEmbeddedWebApplicationContext@4c1d9d4b: startup date [Thu Sep 21 16:02:20 BDT 2017]; root of context hierarchy
2017-09-21 16:02:23.240  INFO 4020 --- [main] s.w.s.m.m.a.RequestMappingHandlerMapping : Mapped "{[/{schoolName}],methods=[GET]}" onto public java.lang.String com.livinoncodes.vnoticeboard.controller.BoardController.showBoard(java.lang.String)
2017-09-21 16:02:23.242  INFO 4020 --- [main] s.w.s.m.m.a.RequestMappingHandlerMapping : Mapped "{[/],methods=[GET]}" onto public java.lang.String com.livinoncodes.vnoticeboard.controller.HomeController.showHome()
2017-09-21 16:02:23.246  INFO 4020 --- [main] s.w.s.m.m.a.RequestMappingHandlerMapping : Mapped "{[/error]}" onto public org.springframework.http.ResponseEntity<java.util.Map<java.lang.String, java.lang.Object>> org.springframework.boot.autoconfigure.web.BasicErrorController.error(javax.servlet.http.HttpServletRequest)
2017-09-21 16:02:23.247  INFO 4020 --- [main] s.w.s.m.m.a.RequestMappingHandlerMapping : Mapped "{[/error],produces=[text/html]}" onto public org.springframework.web.servlet.ModelAndView org.springframework.boot.autoconfigure.web.BasicErrorController.errorHtml(javax.servlet.http.HttpServletRequest,javax.servlet.http.HttpServletResponse)
2017-09-21 16:02:23.335  INFO 4020 --- [main] o.s.w.s.handler.SimpleUrlHandlerMapping  : Mapped URL path [/webjars/**] onto handler of type [class org.springframework.web.servlet.resource.ResourceHttpRequestHandler]
2017-09-21 16:02:23.335  INFO 4020 --- [main] o.s.w.s.handler.SimpleUrlHandlerMapping  : Mapped URL path [/**] onto handler of type [class org.springframework.web.servlet.resource.ResourceHttpRequestHandler]
2017-09-21 16:02:23.383  INFO 4020 --- [main] o.s.w.s.handler.SimpleUrlHandlerMapping  : Mapped URL path [/**/favicon.ico] onto handler of type [class org.springframework.web.servlet.resource.ResourceHttpRequestHandler]
2017-09-21 16:02:23.717  INFO 4020 --- [main] o.s.j.e.a.AnnotationMBeanExporter        : Registering beans for JMX exposure on startup
2017-09-21 16:02:23.790  INFO 4020 --- [main] s.b.c.e.t.TomcatEmbeddedServletContainer : Tomcat started on port(s): 8080 (http)
2017-09-21 16:02:23.796  INFO 4020 --- [main] c.l.v.VNoticeBoardApplication            : Started VNoticeBoardApplication in 3.23 seconds (JVM running for 3.659)
2017-09-21 16:02:26.328  INFO 4020 --- [http-nio-8080-exec-4] o.a.c.c.C.[Tomcat].[localhost].[/]       : Initializing Spring FrameworkServlet 'dispatcherServlet'
2017-09-21 16:02:26.328  INFO 4020 --- [http-nio-8080-exec-4] o.s.web.servlet.DispatcherServlet        : FrameworkServlet 'dispatcherServlet': initialization started
2017-09-21 16:02:26.397  INFO 4020 --- [http-nio-8080-exec-4] o.s.web.servlet.DispatcherServlet        : FrameworkServlet 'dispatcherServlet': initialization completed in 69 ms
2017-09-21 16:12:45.279  INFO 4020 --- [RMI TCP Connection(2)-127.0.0.1] inMXBeanRegistrar$SpringApplicationAdmin : Application shutdown requested.
2017-09-21 16:12:45.283  INFO 4020 --- [RMI TCP Connection(2)-127.0.0.1] ationConfigEmbeddedWebApplicationContext : Closing org.springframework.boot.context.embedded.AnnotationConfigEmbeddedWebApplicationContext@4c1d9d4b: startup date [Thu Sep 21 16:02:20 BDT 2017]; root of context hierarchy
2017-09-21 16:12:45.285  INFO 4020 --- [RMI TCP Connection(2)-127.0.0.1] o.s.j.e.a.AnnotationMBeanExporter        : Unregistering JMX-exposed beans on shutdown
2017-09-21 16:12:50.688  INFO 6168 --- [main] c.l.v.VNoticeBoardApplication            : Starting VNoticeBoardApplication on Admin-PC with PID 6168 (D:\workspace-sts-3.8.4.RELEASE\vNoticeBoard\bin started by Admin in D:\workspace-sts-3.8.4.RELEASE\vNoticeBoard)
2017-09-21 16:12:50.690  INFO 6168 --- [main] c.l.v.VNoticeBoardApplication            : No active profile set, falling back to default profiles: default
2017-09-21 16:12:50.737  INFO 6168 --- [main] ationConfigEmbeddedWebApplicationContext : Refreshing org.springframework.boot.context.embedded.AnnotationConfigEmbeddedWebApplicationContext@4c1d9d4b: startup date [Thu Sep 21 16:12:50 BDT 2017]; root of context hierarchy
2017-09-21 16:12:51.829  INFO 6168 --- [main] s.b.c.e.t.TomcatEmbeddedServletContainer : Tomcat initialized with port(s): 8080 (http)
2017-09-21 16:12:51.844  INFO 6168 --- [main] o.apache.catalina.core.StandardService   : Starting service [Tomcat]
2017-09-21 16:12:51.845  INFO 6168 --- [main] org.apache.catalina.core.StandardEngine  : Starting Servlet Engine: Apache Tomcat/8.5.16
2017-09-21 16:12:51.956  INFO 6168 --- [localhost-startStop-1] o.a.c.c.C.[Tomcat].[localhost].[/]       : Initializing Spring embedded WebApplicationContext
2017-09-21 16:12:51.957  INFO 6168 --- [localhost-startStop-1] o.s.web.context.ContextLoader            : Root WebApplicationContext: initialization completed in 1222 ms
2017-09-21 16:12:52.080  INFO 6168 --- [localhost-startStop-1] o.s.b.w.servlet.ServletRegistrationBean  : Mapping servlet: 'dispatcherServlet' to [/]
2017-09-21 16:12:52.084  INFO 6168 --- [localhost-startStop-1] o.s.b.w.servlet.FilterRegistrationBean   : Mapping filter: 'characterEncodingFilter' to: [/*]
2017-09-21 16:12:52.085  INFO 6168 --- [localhost-startStop-1] o.s.b.w.servlet.FilterRegistrationBean   : Mapping filter: 'hiddenHttpMethodFilter' to: [/*]
2017-09-21 16:12:52.085  INFO 6168 --- [localhost-startStop-1] o.s.b.w.servlet.FilterRegistrationBean   : Mapping filter: 'httpPutFormContentFilter' to: [/*]
2017-09-21 16:12:52.085  INFO 6168 --- [localhost-startStop-1] o.s.b.w.servlet.FilterRegistrationBean   : Mapping filter: 'requestContextFilter' to: [/*]
2017-09-21 16:12:52.369  INFO 6168 --- [main] s.w.s.m.m.a.RequestMappingHandlerAdapter : Looking for @ControllerAdvice: org.springframework.boot.context.embedded.AnnotationConfigEmbeddedWebApplicationContext@4c1d9d4b: startup date [Thu Sep 21 16:12:50 BDT 2017]; root of context hierarchy
2017-09-21 16:12:52.429  INFO 6168 --- [main] s.w.s.m.m.a.RequestMappingHandlerMapping : Mapped "{[/{boardName}],methods=[GET]}" onto public java.lang.String com.livinoncodes.vnoticeboard.controller.BoardController.showBoard(java.lang.String,org.springframework.ui.Model)
2017-09-21 16:12:52.430  INFO 6168 --- [main] s.w.s.m.m.a.RequestMappingHandlerMapping : Mapped "{[/],methods=[GET]}" onto public java.lang.String com.livinoncodes.vnoticeboard.controller.HomeController.showHome()
2017-09-21 16:12:52.433  INFO 6168 --- [main] s.w.s.m.m.a.RequestMappingHandlerMapping : Mapped "{[/error]}" onto public org.springframework.http.ResponseEntity<java.util.Map<java.lang.String, java.lang.Object>> org.springframework.boot.autoconfigure.web.BasicErrorController.error(javax.servlet.http.HttpServletRequest)
2017-09-21 16:12:52.433  INFO 6168 --- [main] s.w.s.m.m.a.RequestMappingHandlerMapping : Mapped "{[/error],produces=[text/html]}" onto public org.springframework.web.servlet.ModelAndView org.springframework.boot.autoconfigure.web.BasicErrorController.errorHtml(javax.servlet.http.HttpServletRequest,javax.servlet.http.HttpServletResponse)
2017-09-21 16:12:52.507  INFO 6168 --- [main] o.s.w.s.handler.SimpleUrlHandlerMapping  : Mapped URL path [/webjars/**] onto handler of type [class org.springframework.web.servlet.resource.ResourceHttpRequestHandler]
2017-09-21 16:12:52.508  INFO 6168 --- [main] o.s.w.s.handler.SimpleUrlHandlerMapping  : Mapped URL path [/**] onto handler of type [class org.springframework.web.servlet.resource.ResourceHttpRequestHandler]
2017-09-21 16:12:52.552  INFO 6168 --- [main] o.s.w.s.handler.SimpleUrlHandlerMapping  : Mapped URL path [/**/favicon.ico] onto handler of type [class org.springframework.web.servlet.resource.ResourceHttpRequestHandler]
2017-09-21 16:12:52.789  INFO 6168 --- [main] o.s.j.e.a.AnnotationMBeanExporter        : Registering beans for JMX exposure on startup
2017-09-21 16:12:52.839  INFO 6168 --- [main] s.b.c.e.t.TomcatEmbeddedServletContainer : Tomcat started on port(s): 8080 (http)
2017-09-21 16:12:52.844  INFO 6168 --- [main] c.l.v.VNoticeBoardApplication            : Started VNoticeBoardApplication in 2.406 seconds (JVM running for 2.834)
2017-09-21 16:12:55.909  INFO 6168 --- [http-nio-8080-exec-1] o.a.c.c.C.[Tomcat].[localhost].[/]       : Initializing Spring FrameworkServlet 'dispatcherServlet'
2017-09-21 16:12:55.909  INFO 6168 --- [http-nio-8080-exec-1] o.s.web.servlet.DispatcherServlet        : FrameworkServlet 'dispatcherServlet': initialization started
2017-09-21 16:12:55.924  INFO 6168 --- [http-nio-8080-exec-1] o.s.web.servlet.DispatcherServlet        : FrameworkServlet 'dispatcherServlet': initialization completed in 15 ms
2017-09-21 16:17:11.263  INFO 6168 --- [RMI TCP Connection(2)-127.0.0.1] inMXBeanRegistrar$SpringApplicationAdmin : Application shutdown requested.
2017-09-21 16:17:11.264  INFO 6168 --- [RMI TCP Connection(2)-127.0.0.1] ationConfigEmbeddedWebApplicationContext : Closing org.springframework.boot.context.embedded.AnnotationConfigEmbeddedWebApplicationContext@4c1d9d4b: startup date [Thu Sep 21 16:12:50 BDT 2017]; root of context hierarchy
2017-09-21 16:17:11.266  INFO 6168 --- [RMI TCP Connection(2)-127.0.0.1] o.s.j.e.a.AnnotationMBeanExporter        : Unregistering JMX-exposed beans on shutdown
